Build started 9-4-2014 11:18:32.
     1>Project "C:\Users\Hwan\Documents\GitHub\Themaopdracht-07---Lokalisatie-2\Algoritme 2\SimonLib\Algoritme 2\Algoritme 2.vcxproj" on node 2 (Build target(s)).
     1>ClCompile:
         C:\Program Files (x86)\Microsoft Visual Studio 12.0\VC\bin\CL.exe /c /I"C:\Users\Hwan\Documents\GitHub\Themaopdracht-07---Lokalisatie-2\Algoritme 2\SimonLib\packages\imagelib.0.6\build\native\../..//build/native/include/" /ZI /nologo /W3 /WX- /Od /Oy- /D WIN32 /D _DEBUG /D _CONSOLE /D _LIB /D _UNICODE /D UNICODE /Gm /EHsc /RTC1 /MDd /GS /fp:precise /Zc:wchar_t /Zc:forScope /Fo"Debug\\" /Fd"Debug\vc120.pdb" /Gd /TP /analyze- /errorReport:prompt Algorithms\IntensityHistogram.cpp LicenseLocalizer.cpp Main.cpp
         IntensityHistogram.cpp
         Generating Code...
         Compiling...
         Main.cpp
         LicenseLocalizer.cpp
         Generating Code...
       Link:
         C:\Program Files (x86)\Microsoft Visual Studio 12.0\VC\bin\link.exe /ERRORREPORT:PROMPT /OUT:"C:\Users\Hwan\Documents\GitHub\Themaopdracht-07---Lokalisatie-2\Algoritme 2\SimonLib\Debug\Algoritme 2.exe" /INCREMENTAL /NOLOGO "C:\Users\Hwan\Documents\GitHub\Themaopdracht-07---Lokalisatie-2\Algoritme 2\SimonLib\packages\imagelib.0.6\build\native\../..//build/native/lib/Win32\Debug\zlib.lib" "C:\Users\Hwan\Documents\GitHub\Themaopdracht-07---Lokalisatie-2\Algoritme 2\SimonLib\packages\imagelib.0.6\build\native\../..//build/native/lib/Win32\Debug\libpng.lib" "C:\Users\Hwan\Documents\GitHub\Themaopdracht-07---Lokalisatie-2\Algoritme 2\SimonLib\packages\imagelib.0.6\build\native\../..//build/native/lib/Win32\Debug\jpeg.lib" "C:\Users\Hwan\Documents\GitHub\Themaopdracht-07---Lokalisatie-2\Algoritme 2\SimonLib\packages\imagelib.0.6\build\native\../..//build/native/lib/Win32\Debug\ImageLib.lib" kernel32.lib user32.lib gdi32.lib winspool.lib comdlg32.lib advapi32.lib shell32.lib ole32.lib oleaut32.lib uuid.lib odbc32.lib odbccp32.lib /MANIFEST /MANIFESTUAC:"level='asInvoker' uiAccess='false'" /manifest:embed /DEBUG /PDB:"C:\Users\Hwan\Documents\GitHub\Themaopdracht-07---Lokalisatie-2\Algoritme 2\SimonLib\Debug\Algoritme 2.pdb" /SUBSYSTEM:CONSOLE /TLBID:1 /DYNAMICBASE /NXCOMPAT /IMPLIB:"C:\Users\Hwan\Documents\GitHub\Themaopdracht-07---Lokalisatie-2\Algoritme 2\SimonLib\Debug\Algoritme 2.lib" /MACHINE:X86 Debug\BinarizeImage.obj
         Debug\GrayscaleImage.obj
         Debug\HighPassFilter.obj
         Debug\IntensityHistogram.obj
         Debug\YellowColorFilter.obj
         Debug\LicenseLocalizer.obj
         Debug\Main.obj
         jpeg.lib(jerror.obj) : MSIL .netmodule or module compiled with /GL found; restarting link with /LTCG; add /LTCG to the link command line to improve linker performance
     1>LINK : warning LNK4075: ignoring '/INCREMENTAL' due to '/LTCG' specification
     1>BinarizeImage.obj : warning LNK4075: ignoring '/EDITANDCONTINUE' due to '/OPT:LBR' specification
     1>MSVCRTD.lib(cinitexe.obj) : warning LNK4098: defaultlib 'msvcrt.lib' conflicts with use of other libs; use /NODEFAULTLIB:library
         Generating code
         Finished generating code
     1>jpeg.lib(jerror.obj) : warning LNK4099: PDB 'vc120.pdb' was not found with 'jpeg.lib(jerror.obj)' or at 'C:\Users\Hwan\Documents\GitHub\Themaopdracht-07---Lokalisatie-2\Algoritme 2\SimonLib\Debug\vc120.pdb'; linking object as if no debug info
     1>jpeg.lib(jcapimin.obj) : warning LNK4099: PDB 'vc120.pdb' was not found with 'jpeg.lib(jcapimin.obj)' or at 'C:\Users\Hwan\Documents\GitHub\Themaopdracht-07---Lokalisatie-2\Algoritme 2\SimonLib\Debug\vc120.pdb'; linking object as if no debug info
     1>jpeg.lib(jdapimin.obj) : warning LNK4099: PDB 'vc120.pdb' was not found with 'jpeg.lib(jdapimin.obj)' or at 'C:\Users\Hwan\Documents\GitHub\Themaopdracht-07---Lokalisatie-2\Algoritme 2\SimonLib\Debug\vc120.pdb'; linking object as if no debug info
     1>jpeg.lib(jdatadst.obj) : warning LNK4099: PDB 'vc120.pdb' was not found with 'jpeg.lib(jdatadst.obj)' or at 'C:\Users\Hwan\Documents\GitHub\Themaopdracht-07---Lokalisatie-2\Algoritme 2\SimonLib\Debug\vc120.pdb'; linking object as if no debug info
     1>jpeg.lib(jdatasrc.obj) : warning LNK4099: PDB 'vc120.pdb' was not found with 'jpeg.lib(jdatasrc.obj)' or at 'C:\Users\Hwan\Documents\GitHub\Themaopdracht-07---Lokalisatie-2\Algoritme 2\SimonLib\Debug\vc120.pdb'; linking object as if no debug info
     1>jpeg.lib(jcparam.obj) : warning LNK4099: PDB 'vc120.pdb' was not found with 'jpeg.lib(jcparam.obj)' or at 'C:\Users\Hwan\Documents\GitHub\Themaopdracht-07---Lokalisatie-2\Algoritme 2\SimonLib\Debug\vc120.pdb'; linking object as if no debug info
     1>jpeg.lib(jcapistd.obj) : warning LNK4099: PDB 'vc120.pdb' was not found with 'jpeg.lib(jcapistd.obj)' or at 'C:\Users\Hwan\Documents\GitHub\Themaopdracht-07---Lokalisatie-2\Algoritme 2\SimonLib\Debug\vc120.pdb'; linking object as if no debug info
     1>jpeg.lib(jdapistd.obj) : warning LNK4099: PDB 'vc120.pdb' was not found with 'jpeg.lib(jdapistd.obj)' or at 'C:\Users\Hwan\Documents\GitHub\Themaopdracht-07---Lokalisatie-2\Algoritme 2\SimonLib\Debug\vc120.pdb'; linking object as if no debug info
     1>jpeg.lib(jcomapi.obj) : warning LNK4099: PDB 'vc120.pdb' was not found with 'jpeg.lib(jcomapi.obj)' or at 'C:\Users\Hwan\Documents\GitHub\Themaopdracht-07---Lokalisatie-2\Algoritme 2\SimonLib\Debug\vc120.pdb'; linking object as if no debug info
     1>jpeg.lib(jutils.obj) : warning LNK4099: PDB 'vc120.pdb' was not found with 'jpeg.lib(jutils.obj)' or at 'C:\Users\Hwan\Documents\GitHub\Themaopdracht-07---Lokalisatie-2\Algoritme 2\SimonLib\Debug\vc120.pdb'; linking object as if no debug info
     1>jpeg.lib(jcmarker.obj) : warning LNK4099: PDB 'vc120.pdb' was not found with 'jpeg.lib(jcmarker.obj)' or at 'C:\Users\Hwan\Documents\GitHub\Themaopdracht-07---Lokalisatie-2\Algoritme 2\SimonLib\Debug\vc120.pdb'; linking object as if no debug info
     1>jpeg.lib(jmemmgr.obj) : warning LNK4099: PDB 'vc120.pdb' was not found with 'jpeg.lib(jmemmgr.obj)' or at 'C:\Users\Hwan\Documents\GitHub\Themaopdracht-07---Lokalisatie-2\Algoritme 2\SimonLib\Debug\vc120.pdb'; linking object as if no debug info
     1>jpeg.lib(jdmarker.obj) : warning LNK4099: PDB 'vc120.pdb' was not found with 'jpeg.lib(jdmarker.obj)' or at 'C:\Users\Hwan\Documents\GitHub\Themaopdracht-07---Lokalisatie-2\Algoritme 2\SimonLib\Debug\vc120.pdb'; linking object as if no debug info
     1>jpeg.lib(jdinput.obj) : warning LNK4099: PDB 'vc120.pdb' was not found with 'jpeg.lib(jdinput.obj)' or at 'C:\Users\Hwan\Documents\GitHub\Themaopdracht-07---Lokalisatie-2\Algoritme 2\SimonLib\Debug\vc120.pdb'; linking object as if no debug info
     1>jpeg.lib(jcinit.obj) : warning LNK4099: PDB 'vc120.pdb' was not found with 'jpeg.lib(jcinit.obj)' or at 'C:\Users\Hwan\Documents\GitHub\Themaopdracht-07---Lokalisatie-2\Algoritme 2\SimonLib\Debug\vc120.pdb'; linking object as if no debug info
     1>jpeg.lib(jdmaster.obj) : warning LNK4099: PDB 'vc120.pdb' was not found with 'jpeg.lib(jdmaster.obj)' or at 'C:\Users\Hwan\Documents\GitHub\Themaopdracht-07---Lokalisatie-2\Algoritme 2\SimonLib\Debug\vc120.pdb'; linking object as if no debug info
     1>jpeg.lib(jmemnobs.obj) : warning LNK4099: PDB 'vc120.pdb' was not found with 'jpeg.lib(jmemnobs.obj)' or at 'C:\Users\Hwan\Documents\GitHub\Themaopdracht-07---Lokalisatie-2\Algoritme 2\SimonLib\Debug\vc120.pdb'; linking object as if no debug info
     1>jpeg.lib(jccolor.obj) : warning LNK4099: PDB 'vc120.pdb' was not found with 'jpeg.lib(jccolor.obj)' or at 'C:\Users\Hwan\Documents\GitHub\Themaopdracht-07---Lokalisatie-2\Algoritme 2\SimonLib\Debug\vc120.pdb'; linking object as if no debug info
     1>jpeg.lib(jcarith.obj) : warning LNK4099: PDB 'vc120.pdb' was not found with 'jpeg.lib(jcarith.obj)' or at 'C:\Users\Hwan\Documents\GitHub\Themaopdracht-07---Lokalisatie-2\Algoritme 2\SimonLib\Debug\vc120.pdb'; linking object as if no debug info
     1>jpeg.lib(jcmainct.obj) : warning LNK4099: PDB 'vc120.pdb' was not found with 'jpeg.lib(jcmainct.obj)' or at 'C:\Users\Hwan\Documents\GitHub\Themaopdracht-07---Lokalisatie-2\Algoritme 2\SimonLib\Debug\vc120.pdb'; linking object as if no debug info
     1>jpeg.lib(jcmaster.obj) : warning LNK4099: PDB 'vc120.pdb' was not found with 'jpeg.lib(jcmaster.obj)' or at 'C:\Users\Hwan\Documents\GitHub\Themaopdracht-07---Lokalisatie-2\Algoritme 2\SimonLib\Debug\vc120.pdb'; linking object as if no debug info
     1>jpeg.lib(jccoefct.obj) : warning LNK4099: PDB 'vc120.pdb' was not found with 'jpeg.lib(jccoefct.obj)' or at 'C:\Users\Hwan\Documents\GitHub\Themaopdracht-07---Lokalisatie-2\Algoritme 2\SimonLib\Debug\vc120.pdb'; linking object as if no debug info
     1>jpeg.lib(jcprepct.obj) : warning LNK4099: PDB 'vc120.pdb' was not found with 'jpeg.lib(jcprepct.obj)' or at 'C:\Users\Hwan\Documents\GitHub\Themaopdracht-07---Lokalisatie-2\Algoritme 2\SimonLib\Debug\vc120.pdb'; linking object as if no debug info
     1>jpeg.lib(jcdctmgr.obj) : warning LNK4099: PDB 'vc120.pdb' was not found with 'jpeg.lib(jcdctmgr.obj)' or at 'C:\Users\Hwan\Documents\GitHub\Themaopdracht-07---Lokalisatie-2\Algoritme 2\SimonLib\Debug\vc120.pdb'; linking object as if no debug info
     1>jpeg.lib(jcsample.obj) : warning LNK4099: PDB 'vc120.pdb' was not found with 'jpeg.lib(jcsample.obj)' or at 'C:\Users\Hwan\Documents\GitHub\Themaopdracht-07---Lokalisatie-2\Algoritme 2\SimonLib\Debug\vc120.pdb'; linking object as if no debug info
     1>jpeg.lib(jchuff.obj) : warning LNK4099: PDB 'vc120.pdb' was not found with 'jpeg.lib(jchuff.obj)' or at 'C:\Users\Hwan\Documents\GitHub\Themaopdracht-07---Lokalisatie-2\Algoritme 2\SimonLib\Debug\vc120.pdb'; linking object as if no debug info
     1>jpeg.lib(jdhuff.obj) : warning LNK4099: PDB 'vc120.pdb' was not found with 'jpeg.lib(jdhuff.obj)' or at 'C:\Users\Hwan\Documents\GitHub\Themaopdracht-07---Lokalisatie-2\Algoritme 2\SimonLib\Debug\vc120.pdb'; linking object as if no debug info
     1>jpeg.lib(jquant1.obj) : warning LNK4099: PDB 'vc120.pdb' was not found with 'jpeg.lib(jquant1.obj)' or at 'C:\Users\Hwan\Documents\GitHub\Themaopdracht-07---Lokalisatie-2\Algoritme 2\SimonLib\Debug\vc120.pdb'; linking object as if no debug info
     1>jpeg.lib(jddctmgr.obj) : warning LNK4099: PDB 'vc120.pdb' was not found with 'jpeg.lib(jddctmgr.obj)' or at 'C:\Users\Hwan\Documents\GitHub\Themaopdracht-07---Lokalisatie-2\Algoritme 2\SimonLib\Debug\vc120.pdb'; linking object as if no debug info
     1>jpeg.lib(jdsample.obj) : warning LNK4099: PDB 'vc120.pdb' was not found with 'jpeg.lib(jdsample.obj)' or at 'C:\Users\Hwan\Documents\GitHub\Themaopdracht-07---Lokalisatie-2\Algoritme 2\SimonLib\Debug\vc120.pdb'; linking object as if no debug info
     1>jpeg.lib(jdarith.obj) : warning LNK4099: PDB 'vc120.pdb' was not found with 'jpeg.lib(jdarith.obj)' or at 'C:\Users\Hwan\Documents\GitHub\Themaopdracht-07---Lokalisatie-2\Algoritme 2\SimonLib\Debug\vc120.pdb'; linking object as if no debug info
     1>jpeg.lib(jdcolor.obj) : warning LNK4099: PDB 'vc120.pdb' was not found with 'jpeg.lib(jdcolor.obj)' or at 'C:\Users\Hwan\Documents\GitHub\Themaopdracht-07---Lokalisatie-2\Algoritme 2\SimonLib\Debug\vc120.pdb'; linking object as if no debug info
     1>jpeg.lib(jdcoefct.obj) : warning LNK4099: PDB 'vc120.pdb' was not found with 'jpeg.lib(jdcoefct.obj)' or at 'C:\Users\Hwan\Documents\GitHub\Themaopdracht-07---Lokalisatie-2\Algoritme 2\SimonLib\Debug\vc120.pdb'; linking object as if no debug info
     1>jpeg.lib(jquant2.obj) : warning LNK4099: PDB 'vc120.pdb' was not found with 'jpeg.lib(jquant2.obj)' or at 'C:\Users\Hwan\Documents\GitHub\Themaopdracht-07---Lokalisatie-2\Algoritme 2\SimonLib\Debug\vc120.pdb'; linking object as if no debug info
     1>jpeg.lib(jdmerge.obj) : warning LNK4099: PDB 'vc120.pdb' was not found with 'jpeg.lib(jdmerge.obj)' or at 'C:\Users\Hwan\Documents\GitHub\Themaopdracht-07---Lokalisatie-2\Algoritme 2\SimonLib\Debug\vc120.pdb'; linking object as if no debug info
     1>jpeg.lib(jdmainct.obj) : warning LNK4099: PDB 'vc120.pdb' was not found with 'jpeg.lib(jdmainct.obj)' or at 'C:\Users\Hwan\Documents\GitHub\Themaopdracht-07---Lokalisatie-2\Algoritme 2\SimonLib\Debug\vc120.pdb'; linking object as if no debug info
     1>jpeg.lib(jdpostct.obj) : warning LNK4099: PDB 'vc120.pdb' was not found with 'jpeg.lib(jdpostct.obj)' or at 'C:\Users\Hwan\Documents\GitHub\Themaopdracht-07---Lokalisatie-2\Algoritme 2\SimonLib\Debug\vc120.pdb'; linking object as if no debug info
     1>jpeg.lib(jaricom.obj) : warning LNK4099: PDB 'vc120.pdb' was not found with 'jpeg.lib(jaricom.obj)' or at 'C:\Users\Hwan\Documents\GitHub\Themaopdracht-07---Lokalisatie-2\Algoritme 2\SimonLib\Debug\vc120.pdb'; linking object as if no debug info
     1>jpeg.lib(jfdctint.obj) : warning LNK4099: PDB 'vc120.pdb' was not found with 'jpeg.lib(jfdctint.obj)' or at 'C:\Users\Hwan\Documents\GitHub\Themaopdracht-07---Lokalisatie-2\Algoritme 2\SimonLib\Debug\vc120.pdb'; linking object as if no debug info
     1>jpeg.lib(jfdctflt.obj) : warning LNK4099: PDB 'vc120.pdb' was not found with 'jpeg.lib(jfdctflt.obj)' or at 'C:\Users\Hwan\Documents\GitHub\Themaopdracht-07---Lokalisatie-2\Algoritme 2\SimonLib\Debug\vc120.pdb'; linking object as if no debug info
     1>jpeg.lib(jfdctfst.obj) : warning LNK4099: PDB 'vc120.pdb' was not found with 'jpeg.lib(jfdctfst.obj)' or at 'C:\Users\Hwan\Documents\GitHub\Themaopdracht-07---Lokalisatie-2\Algoritme 2\SimonLib\Debug\vc120.pdb'; linking object as if no debug info
     1>jpeg.lib(jidctint.obj) : warning LNK4099: PDB 'vc120.pdb' was not found with 'jpeg.lib(jidctint.obj)' or at 'C:\Users\Hwan\Documents\GitHub\Themaopdracht-07---Lokalisatie-2\Algoritme 2\SimonLib\Debug\vc120.pdb'; linking object as if no debug info
     1>jpeg.lib(jidctflt.obj) : warning LNK4099: PDB 'vc120.pdb' was not found with 'jpeg.lib(jidctflt.obj)' or at 'C:\Users\Hwan\Documents\GitHub\Themaopdracht-07---Lokalisatie-2\Algoritme 2\SimonLib\Debug\vc120.pdb'; linking object as if no debug info
     1>jpeg.lib(jidctfst.obj) : warning LNK4099: PDB 'vc120.pdb' was not found with 'jpeg.lib(jidctfst.obj)' or at 'C:\Users\Hwan\Documents\GitHub\Themaopdracht-07---Lokalisatie-2\Algoritme 2\SimonLib\Debug\vc120.pdb'; linking object as if no debug info
     1>zlib.lib(adler32.obj) : warning LNK4099: PDB 'zlib.pdb' was not found with 'zlib.lib(adler32.obj)' or at 'C:\Users\Hwan\Documents\GitHub\Themaopdracht-07---Lokalisatie-2\Algoritme 2\SimonLib\Debug\zlib.pdb'; linking object as if no debug info
     1>zlib.lib(crc32.obj) : warning LNK4099: PDB 'zlib.pdb' was not found with 'zlib.lib(crc32.obj)' or at 'C:\Users\Hwan\Documents\GitHub\Themaopdracht-07---Lokalisatie-2\Algoritme 2\SimonLib\Debug\zlib.pdb'; linking object as if no debug info
     1>zlib.lib(deflate.obj) : warning LNK4099: PDB 'zlib.pdb' was not found with 'zlib.lib(deflate.obj)' or at 'C:\Users\Hwan\Documents\GitHub\Themaopdracht-07---Lokalisatie-2\Algoritme 2\SimonLib\Debug\zlib.pdb'; linking object as if no debug info
     1>zlib.lib(inflate.obj) : warning LNK4099: PDB 'zlib.pdb' was not found with 'zlib.lib(inflate.obj)' or at 'C:\Users\Hwan\Documents\GitHub\Themaopdracht-07---Lokalisatie-2\Algoritme 2\SimonLib\Debug\zlib.pdb'; linking object as if no debug info
     1>zlib.lib(inftrees.obj) : warning LNK4099: PDB 'zlib.pdb' was not found with 'zlib.lib(inftrees.obj)' or at 'C:\Users\Hwan\Documents\GitHub\Themaopdracht-07---Lokalisatie-2\Algoritme 2\SimonLib\Debug\zlib.pdb'; linking object as if no debug info
     1>zlib.lib(inffast.obj) : warning LNK4099: PDB 'zlib.pdb' was not found with 'zlib.lib(inffast.obj)' or at 'C:\Users\Hwan\Documents\GitHub\Themaopdracht-07---Lokalisatie-2\Algoritme 2\SimonLib\Debug\zlib.pdb'; linking object as if no debug info
     1>zlib.lib(trees.obj) : warning LNK4099: PDB 'zlib.pdb' was not found with 'zlib.lib(trees.obj)' or at 'C:\Users\Hwan\Documents\GitHub\Themaopdracht-07---Lokalisatie-2\Algoritme 2\SimonLib\Debug\zlib.pdb'; linking object as if no debug info
     1>zlib.lib(zutil.obj) : warning LNK4099: PDB 'zlib.pdb' was not found with 'zlib.lib(zutil.obj)' or at 'C:\Users\Hwan\Documents\GitHub\Themaopdracht-07---Lokalisatie-2\Algoritme 2\SimonLib\Debug\zlib.pdb'; linking object as if no debug info
     1>ImageLib.lib(Image.obj) : warning LNK4099: PDB 'vc120.pdb' was not found with 'ImageLib.lib(Image.obj)' or at 'C:\Users\Hwan\Documents\GitHub\Themaopdracht-07---Lokalisatie-2\Algoritme 2\SimonLib\Debug\vc120.pdb'; linking object as if no debug info
     1>ImageLib.lib(ImageGray.obj) : warning LNK4099: PDB 'vc120.pdb' was not found with 'ImageLib.lib(ImageGray.obj)' or at 'C:\Users\Hwan\Documents\GitHub\Themaopdracht-07---Lokalisatie-2\Algoritme 2\SimonLib\Debug\vc120.pdb'; linking object as if no debug info
     1>ImageLib.lib(ImageLoader.obj) : warning LNK4099: PDB 'vc120.pdb' was not found with 'ImageLib.lib(ImageLoader.obj)' or at 'C:\Users\Hwan\Documents\GitHub\Themaopdracht-07---Lokalisatie-2\Algoritme 2\SimonLib\Debug\vc120.pdb'; linking object as if no debug info
     1>ImageLib.lib(ImageRGB.obj) : warning LNK4099: PDB 'vc120.pdb' was not found with 'ImageLib.lib(ImageRGB.obj)' or at 'C:\Users\Hwan\Documents\GitHub\Themaopdracht-07---Lokalisatie-2\Algoritme 2\SimonLib\Debug\vc120.pdb'; linking object as if no debug info
         Algoritme 2.vcxproj -> C:\Users\Hwan\Documents\GitHub\Themaopdracht-07---Lokalisatie-2\Algoritme 2\SimonLib\Debug\Algoritme 2.exe
     1>Done Building Project "C:\Users\Hwan\Documents\GitHub\Themaopdracht-07---Lokalisatie-2\Algoritme 2\SimonLib\Algoritme 2\Algoritme 2.vcxproj" (Build target(s)).

Build succeeded.

Time Elapsed 00:00:02.66
