Build started 8-4-2014 11:22:26.
     1>Project "C:\Users\Mitchell\Desktop\LicenseLocalizer\LicenseLocalizer\LicenseLocalizer.vcxproj" on node 2 (Build target(s)).
     1>ClCompile:
         C:\Program Files (x86)\Microsoft Visual Studio 12.0\VC\bin\CL.exe /c /ZI /nologo /W3 /WX- /sdl /Od /Oy- /D WIN32 /D _DEBUG /D _CONSOLE /D _MBCS /Gm /EHsc /RTC1 /MDd /GS /fp:precise /Zc:wchar_t /Zc:forScope /Yu"stdafx.h" /Fp"Debug\LicenseLocalizer.pch" /Fo"Debug\\" /Fd"Debug\vc120.pdb" /Gd /TP /analyze- /errorReport:prompt LicenseLocalizer.cpp
         LicenseLocalizer.cpp
     1>c:\users\mitchell\desktop\licenselocalizer\licenselocalizer\mediandifferencealgorithm.h(41): warning C4244: 'argument' : conversion from 'int' to 'float', possible loss of data
     1>c:\users\mitchell\desktop\licenselocalizer\licenselocalizer\mediandifferencealgorithm.h(80): warning C4244: '=' : conversion from 'double' to 'float', possible loss of data
     1>c:\users\mitchell\desktop\licenselocalizer\licenselocalizer\mediandifferencealgorithm.h(85): warning C4244: '=' : conversion from 'double' to 'float', possible loss of data
     1>c:\users\mitchell\desktop\licenselocalizer\licenselocalizer\mediandifferencealgorithm.h(95): warning C4244: '=' : conversion from 'double' to 'float', possible loss of data
     1>c:\users\mitchell\desktop\licenselocalizer\licenselocalizer\mediandifferencealgorithm.h(99): warning C4244: '=' : conversion from 'double' to 'float', possible loss of data
     1>c:\users\mitchell\desktop\licenselocalizer\licenselocalizer\mediandifferencealgorithm.h(102): warning C4244: '=' : conversion from 'double' to 'float', possible loss of data
     1>c:\users\mitchell\desktop\licenselocalizer\licenselocalizer\otsuthresholdfilter.h(13): warning C4244: 'initializing' : conversion from 'double' to 'int', possible loss of data
       Link:
         C:\Program Files (x86)\Microsoft Visual Studio 12.0\VC\bin\link.exe /ERRORREPORT:PROMPT /OUT:"C:\Users\Mitchell\Desktop\LicenseLocalizer\Debug\LicenseLocalizer.exe" /INCREMENTAL /NOLOGO kernel32.lib user32.lib gdi32.lib winspool.lib comdlg32.lib advapi32.lib shell32.lib ole32.lib oleaut32.lib uuid.lib odbc32.lib odbccp32.lib /MANIFEST /MANIFESTUAC:"level='asInvoker' uiAccess='false'" /manifest:embed /DEBUG /PDB:"C:\Users\Mitchell\Desktop\LicenseLocalizer\Debug\LicenseLocalizer.pdb" /SUBSYSTEM:CONSOLE /TLBID:1 /DYNAMICBASE /NXCOMPAT /IMPLIB:"C:\Users\Mitchell\Desktop\LicenseLocalizer\Debug\LicenseLocalizer.lib" /MACHINE:X86 Debug\BlobDetection.obj
         Debug\Blob.obj
         Debug\DynamicMedian.obj
         Debug\GrayScale.obj
         Debug\HighPassFilter.obj
         Debug\Histogram.obj
         Debug\Image.obj
         Debug\LicenseLocalizer.obj
         Debug\Point.obj
         Debug\SobelFilter.obj
         Debug\stdafx.obj
         Debug\Threshold.obj
         LicenseLocalizer.vcxproj -> C:\Users\Mitchell\Desktop\LicenseLocalizer\Debug\LicenseLocalizer.exe
     1>Done Building Project "C:\Users\Mitchell\Desktop\LicenseLocalizer\LicenseLocalizer\LicenseLocalizer.vcxproj" (Build target(s)).

Build succeeded.

Time Elapsed 00:00:01.22
