Build started 4/8/2014 11:04:04 PM.
     1>Project "E:\School\vision_v2\Themaopdracht-07---Lokalisatie-2\lokalisatie-2\LicenseLocalizer\LicenseLocalizer\LicenseLocalizer.vcxproj" on node 2 (Build target(s)).
     1>ClCompile:
         C:\Program Files (x86)\Microsoft Visual Studio 12.0\VC\bin\CL.exe /c /Zi /nologo /W3 /WX- /sdl /O2 /Oi /Oy- /GL /D WIN32 /D NDEBUG /D _CONSOLE /D _MBCS /Gm- /EHsc /MD /GS /Gy /fp:precise /Zc:wchar_t /Zc:forScope /Yu"stdafx.h" /Fp"Release\LicenseLocalizer.pch" /Fo"Release\\" /Fd"Release\vc120.pdb" /Gd /TP /analyze- /errorReport:prompt Threshold.cpp
         Threshold.cpp
     1>Threshold.cpp(67): warning C4244: 'argument' : conversion from 'int' to 'float', possible loss of data
     1>Threshold.cpp(93): warning C4244: '=' : conversion from 'double' to 'float', possible loss of data
     1>Threshold.cpp(98): warning C4244: '=' : conversion from 'double' to 'float', possible loss of data
     1>Threshold.cpp(101): warning C4305: '=' : truncation from 'unsigned int' to 'float'
     1>Threshold.cpp(108): warning C4244: '=' : conversion from 'double' to 'float', possible loss of data
     1>Threshold.cpp(112): warning C4244: '=' : conversion from 'double' to 'float', possible loss of data
     1>Threshold.cpp(115): warning C4244: '=' : conversion from 'double' to 'float', possible loss of data
       Link:
         C:\Program Files (x86)\Microsoft Visual Studio 12.0\VC\bin\link.exe /ERRORREPORT:PROMPT /OUT:"E:\School\vision_v2\Themaopdracht-07---Lokalisatie-2\lokalisatie-2\LicenseLocalizer\Release\LicenseLocalizer.exe" /INCREMENTAL:NO /NOLOGO kernel32.lib user32.lib gdi32.lib winspool.lib comdlg32.lib advapi32.lib shell32.lib ole32.lib oleaut32.lib uuid.lib odbc32.lib odbccp32.lib /MANIFEST /MANIFESTUAC:"level='asInvoker' uiAccess='false'" /manifest:embed /DEBUG /PDB:"E:\School\vision_v2\Themaopdracht-07---Lokalisatie-2\lokalisatie-2\LicenseLocalizer\Release\LicenseLocalizer.pdb" /SUBSYSTEM:CONSOLE /OPT:REF /OPT:ICF /LTCG /TLBID:1 /DYNAMICBASE /NXCOMPAT /IMPLIB:"E:\School\vision_v2\Themaopdracht-07---Lokalisatie-2\lokalisatie-2\LicenseLocalizer\Release\LicenseLocalizer.lib" /MACHINE:X86 /PROFILE /SAFESEH Release\BlobCheck.obj
         Release\BlobDetection.obj
         Release\Blob.obj
         Release\Image.obj
         Release\LicenseLocalizer.obj
         Release\Point.obj
         Release\stdafx.obj
         Release\Threshold.obj
         Generating code
         Finished generating code
         LicenseLocalizer.vcxproj -> E:\School\vision_v2\Themaopdracht-07---Lokalisatie-2\lokalisatie-2\LicenseLocalizer\Release\LicenseLocalizer.exe
     1>Done Building Project "E:\School\vision_v2\Themaopdracht-07---Lokalisatie-2\lokalisatie-2\LicenseLocalizer\LicenseLocalizer\LicenseLocalizer.vcxproj" (Build target(s)).

Build succeeded.

Time Elapsed 00:00:02.98
