C:\USERS\JEROEN\DROPBOX\JAAR3\HERKANSINGEN\THEMAOPDRACHT 7\WEEK 2\IMAGEPROCESSING\IMAGEPROCESSING\RELEASE\IMAGEPROCESSING.OBJ
C:\USERS\JEROEN\DROPBOX\JAAR3\HERKANSINGEN\THEMAOPDRACHT 7\WEEK 2\IMAGEPROCESSING\IMAGEPROCESSING\RELEASE\VC110.PDB
C:\Users\Jeroen\Dropbox\Jaar3\Herkansingen\Themaopdracht 7\Week 2\ImageProcessing\Release\ImageProcessing.lib
C:\Users\Jeroen\Dropbox\Jaar3\Herkansingen\Themaopdracht 7\Week 2\ImageProcessing\Release\ImageProcessing.exp
C:\USERS\JEROEN\DROPBOX\JAAR3\HERKANSINGEN\THEMAOPDRACHT 7\WEEK 2\IMAGEPROCESSING\RELEASE\IMAGEPROCESSING.DLL
C:\USERS\JEROEN\DROPBOX\JAAR3\HERKANSINGEN\THEMAOPDRACHT 7\WEEK 2\IMAGEPROCESSING\RELEASE\IMAGEPROCESSING.PDB
C:\Users\Jeroen\Dropbox\Jaar3\Herkansingen\Themaopdracht 7\Week 2\ImageProcessing\ImageProcessing\Release\ImageProcessing.obj
C:\Users\Jeroen\Dropbox\Jaar3\Herkansingen\Themaopdracht 7\Week 2\ImageProcessing\ImageProcessing\Release\cl.command.1.tlog
C:\Users\Jeroen\Dropbox\Jaar3\Herkansingen\Themaopdracht 7\Week 2\ImageProcessing\ImageProcessing\Release\CL.read.1.tlog
C:\Users\Jeroen\Dropbox\Jaar3\Herkansingen\Themaopdracht 7\Week 2\ImageProcessing\ImageProcessing\Release\CL.write.1.tlog
C:\Users\Jeroen\Dropbox\Jaar3\Herkansingen\Themaopdracht 7\Week 2\ImageProcessing\ImageProcessing\Release\ImageProcessing.write.1.tlog
C:\Users\Jeroen\Dropbox\Jaar3\Herkansingen\Themaopdracht 7\Week 2\ImageProcessing\ImageProcessing\Release\link-cvtres.read.1.tlog
C:\Users\Jeroen\Dropbox\Jaar3\Herkansingen\Themaopdracht 7\Week 2\ImageProcessing\ImageProcessing\Release\link-cvtres.write.1.tlog
C:\Users\Jeroen\Dropbox\Jaar3\Herkansingen\Themaopdracht 7\Week 2\ImageProcessing\ImageProcessing\Release\link-rc.read.1.tlog
C:\Users\Jeroen\Dropbox\Jaar3\Herkansingen\Themaopdracht 7\Week 2\ImageProcessing\ImageProcessing\Release\link-rc.write.1.tlog
C:\Users\Jeroen\Dropbox\Jaar3\Herkansingen\Themaopdracht 7\Week 2\ImageProcessing\ImageProcessing\Release\link.command.1.tlog
C:\Users\Jeroen\Dropbox\Jaar3\Herkansingen\Themaopdracht 7\Week 2\ImageProcessing\ImageProcessing\Release\link.read.1.tlog
C:\Users\Jeroen\Dropbox\Jaar3\Herkansingen\Themaopdracht 7\Week 2\ImageProcessing\ImageProcessing\Release\link.write.1.tlog
C:\Users\Jeroen\Dropbox\Jaar3\Herkansingen\Themaopdracht 7\Week 2\ImageProcessing\ImageProcessing\Release\vc110.pdb
C:\Users\Jeroen\Dropbox\Jaar3\Herkansingen\Themaopdracht 7\Week 2\ImageProcessing\Release\ImageProcessing.pdb
C:\Users\Jeroen\Dropbox\Jaar3\Herkansingen\Themaopdracht 7\Week 2\ImageProcessing\Release\ImageProcessing.dll
