e:\vision\themaopdracht-07---lokalisatie-2\lokalisatie-2\licenselocalizer\licenselocalizer\debug\licenselocalizer.pch
e:\vision\themaopdracht-07---lokalisatie-2\lokalisatie-2\licenselocalizer\licenselocalizer\debug\vc120.pdb
e:\vision\themaopdracht-07---lokalisatie-2\lokalisatie-2\licenselocalizer\licenselocalizer\debug\vc120.idb
e:\vision\themaopdracht-07---lokalisatie-2\lokalisatie-2\licenselocalizer\licenselocalizer\debug\stdafx.obj
e:\vision\themaopdracht-07---lokalisatie-2\lokalisatie-2\licenselocalizer\licenselocalizer\debug\blobcheck.obj
e:\vision\themaopdracht-07---lokalisatie-2\lokalisatie-2\licenselocalizer\licenselocalizer\debug\blobdetection.obj
e:\vision\themaopdracht-07---lokalisatie-2\lokalisatie-2\licenselocalizer\licenselocalizer\debug\blob.obj
e:\vision\themaopdracht-07---lokalisatie-2\lokalisatie-2\licenselocalizer\licenselocalizer\debug\licenselocalizer.obj
e:\vision\themaopdracht-07---lokalisatie-2\lokalisatie-2\licenselocalizer\licenselocalizer\debug\yellowcolorfilter.obj
c:\vis3\themaopdracht-07---lokalisatie-2\lokalisatie-2\licenselocalizer\licenselocalizer\debug\licenselocalizer.pch
c:\vis3\themaopdracht-07---lokalisatie-2\lokalisatie-2\licenselocalizer\licenselocalizer\debug\vc120.pdb
c:\vis3\themaopdracht-07---lokalisatie-2\lokalisatie-2\licenselocalizer\licenselocalizer\debug\vc120.idb
c:\vis3\themaopdracht-07---lokalisatie-2\lokalisatie-2\licenselocalizer\licenselocalizer\debug\stdafx.obj
c:\vis3\themaopdracht-07---lokalisatie-2\lokalisatie-2\licenselocalizer\licenselocalizer\debug\blobcheck.obj
c:\vis3\themaopdracht-07---lokalisatie-2\lokalisatie-2\licenselocalizer\licenselocalizer\debug\blobdetection.obj
c:\vis3\themaopdracht-07---lokalisatie-2\lokalisatie-2\licenselocalizer\licenselocalizer\debug\blob.obj
c:\vis3\themaopdracht-07---lokalisatie-2\lokalisatie-2\licenselocalizer\licenselocalizer\debug\licenselocalizer.obj
c:\vis3\themaopdracht-07---lokalisatie-2\lokalisatie-2\licenselocalizer\licenselocalizer\debug\yellowcolorfilter.obj
e:\vision\themaopdracht-07---lokalisatie-2\lokalisatie-2\licenselocalizer\debug\licenselocalizer.exe
e:\vision\themaopdracht-07---lokalisatie-2\lokalisatie-2\licenselocalizer\debug\licenselocalizer.pdb
c:\vis3\themaopdracht-07---lokalisatie-2\lokalisatie-2\licenselocalizer\debug\licenselocalizer.exe
c:\vis3\themaopdracht-07---lokalisatie-2\lokalisatie-2\licenselocalizer\debug\licenselocalizer.pdb
c:\vis3\themaopdracht-07---lokalisatie-2\lokalisatie-2\licenselocalizer\licenselocalizer\debug\licenselocalizer.tlog\cl.command.1.tlog
c:\vis3\themaopdracht-07---lokalisatie-2\lokalisatie-2\licenselocalizer\licenselocalizer\debug\licenselocalizer.tlog\cl.read.1.tlog
c:\vis3\themaopdracht-07---lokalisatie-2\lokalisatie-2\licenselocalizer\licenselocalizer\debug\licenselocalizer.tlog\cl.write.1.tlog
c:\vis3\themaopdracht-07---lokalisatie-2\lokalisatie-2\licenselocalizer\licenselocalizer\debug\licenselocalizer.tlog\link.command.1.tlog
c:\vis3\themaopdracht-07---lokalisatie-2\lokalisatie-2\licenselocalizer\licenselocalizer\debug\licenselocalizer.tlog\link.read.1.tlog
c:\vis3\themaopdracht-07---lokalisatie-2\lokalisatie-2\licenselocalizer\licenselocalizer\debug\licenselocalizer.tlog\link.write.1.tlog
